<?xml version="1.0" encoding="UTF-8"?>
<!-- Generated by org.testng.reporters.JUnitReportReporter -->
<testsuite skipped="0" hostname="LAPTOP-CL7U3OFA" name="magento.Testcase3" tests="1" failures="0" timestamp="11 May 2020 22:26:55 GMT" time="14.842" errors="0">
  <testcase name="addcart" time="14.842" classname="magento.Testcase3"/>
</testsuite> <!-- magento.Testcase3 -->
