<?xml version="1.0" encoding="UTF-8"?>
<!-- Generated by org.testng.reporters.JUnitReportReporter -->
<testsuite skipped="0" hostname="LAPTOP-CL7U3OFA" name="magento.Testcase1" tests="3" failures="0" timestamp="11 May 2020 18:52:05 GMT" time="35.956" errors="0">
  <testcase name="verifytile" time="10.937" classname="magento.Testcase1"/>
  <testcase name="clickonmobilelink" time="12.274" classname="magento.Testcase1"/>
  <testcase name="sortby" time="12.745" classname="magento.Testcase1"/>
</testsuite> <!-- magento.Testcase1 -->
