<?xml version="1.0" encoding="UTF-8"?>
<!-- Generated by org.testng.reporters.JUnitReportReporter -->
<testsuite skipped="0" hostname="LAPTOP-CL7U3OFA" name="magento.Testcase2" tests="1" failures="0" timestamp="11 May 2020 21:09:42 GMT" time="13.373" errors="0">
  <testcase name="mobilepage" time="13.373" classname="magento.Testcase2"/>
</testsuite> <!-- magento.Testcase2 -->
