<?xml version="1.0" encoding="UTF-8"?>
<!-- Generated by org.testng.reporters.JUnitReportReporter -->
<testsuite skipped="0" hostname="LAPTOP-CL7U3OFA" name="magento.Testcase4" tests="1" failures="0" timestamp="12 May 2020 01:00:14 GMT" time="17.041" errors="0">
  <testcase name="popupwindow" time="17.041" classname="magento.Testcase4"/>
</testsuite> <!-- magento.Testcase4 -->
